2019-09-08 12:56:11 AuthMode  Wired Authentication
2019-09-08 12:56:11 Adapter  enp2s0
2019-09-08 12:56:11 UserName  201621190517
2019-09-08 12:56:12 Lookup the switch...
2019-09-08 12:56:12 Connecting radius server...
2019-09-08 12:56:12 Client Prompt: Server-list has been already updated
2019-09-08 12:56:12 Authenticating now...
2019-09-08 12:56:12 Supplicate failure
用户使用了不允许的接入方式!(有线网络请选择“有线1x上网”服务)
2019-09-08 12:56:38 AuthMode  Wired Authentication
2019-09-08 12:56:38 Adapter  enp2s0
2019-09-08 12:56:38 UserName  201621190517@有线1x上网
2019-09-08 12:56:38 service  有线1x上网
2019-09-08 12:56:39 Lookup the switch...
2019-09-08 12:56:39 Connecting radius server...
2019-09-08 12:56:39 Authenticating now...
2019-09-08 12:56:42 Lookup the switch...
2019-09-08 12:56:42 Connecting radius server...
2019-09-08 12:56:42 Authenticating now...
2019-09-08 12:56:42 Success
2019-09-08 12:56:42 Management Tips: 
无线网无感知认证使用说明http://metc.scau.edu.cn/2016/0428/c145a10243/page.htm
您当前使用的服务为有线1x上网;
有效期至：2019-11-09(未含用户自行暂停时间段)
2019-09-08 12:57:55 quit rjsupplicant success.
2019-09-10 08:29:15 AuthMode  Wired Authentication
2019-09-10 08:29:15 Adapter  enp2s0
2019-09-10 08:29:15 UserName  201621190517@有线1x上网
2019-09-10 08:29:15 service  有线1x上网
2019-09-10 08:29:16 Lookup the switch...
2019-09-10 08:29:16 Connecting radius server...
2019-09-10 08:29:16 Authenticating now...
2019-09-10 08:29:19 Lookup the switch...
2019-09-10 08:29:19 Connecting radius server...
2019-09-10 08:29:19 Authenticating now...
2019-09-10 08:29:19 Success
2019-09-10 08:29:19 Management Tips: 
无线网无感知认证使用说明http://metc.scau.edu.cn/2016/0428/c145a10243/page.htm
您当前使用的服务为有线1x上网;
有效期至：2019-11-09(未含用户自行暂停时间段)
2019-09-10 08:46:26 quit rjsupplicant success.
2019-09-10 08:56:18 AuthMode  Wired Authentication
2019-09-10 08:56:18 Adapter  enp2s0
2019-09-10 08:56:18 UserName  201621190517@有线1x上网
2019-09-10 08:56:18 service  有线1x上网
2019-09-10 08:56:18 Lookup the switch...
2019-09-10 08:56:18 Connecting radius server...
2019-09-10 08:56:19 Authenticating now...
2019-09-10 08:56:22 Lookup the switch...
2019-09-10 08:56:22 Connecting radius server...
2019-09-10 08:56:22 Authenticating now...
2019-09-10 08:56:22 Success
2019-09-10 08:56:22 Management Tips: 
无线网无感知认证使用说明http://metc.scau.edu.cn/2016/0428/c145a10243/page.htm
您当前使用的服务为有线1x上网;
有效期至：2019-11-09(未含用户自行暂停时间段)
2019-09-10 08:59:37 quit rjsupplicant success.
2019-09-10 09:08:01 AuthMode  Wired Authentication
2019-09-10 09:08:01 Adapter  enp2s0
2019-09-10 09:08:01 UserName  201621190517@有线1x上网
2019-09-10 09:08:01 service  有线1x上网
2019-09-10 09:08:01 Lookup the switch...
2019-09-10 09:08:01 Connecting radius server...
2019-09-10 09:08:01 Authenticating now...
2019-09-10 09:08:04 Lookup the switch...
2019-09-10 09:08:04 Connecting radius server...
2019-09-10 09:08:04 Authenticating now...
2019-09-10 09:08:04 Success
2019-09-10 09:08:04 Management Tips: 
无线网无感知认证使用说明http://metc.scau.edu.cn/2016/0428/c145a10243/page.htm
您当前使用的服务为有线1x上网;
有效期至：2019-11-09(未含用户自行暂停时间段)
2019-09-10 09:08:22 quit rjsupplicant success.
2019-09-10 09:08:31 AuthMode  Wired Authentication
2019-09-10 09:08:31 Adapter  enp2s0
2019-09-10 09:08:31 UserName  201621190517@有线1x上网
2019-09-10 09:08:31 service  有线1x上网
2019-09-10 09:08:31 Lookup the switch...
2019-09-10 09:08:31 Connecting radius server...
2019-09-10 09:08:31 Authenticating now...
2019-09-10 09:08:34 Lookup the switch...
2019-09-10 09:08:34 Connecting radius server...
2019-09-10 09:08:34 Authenticating now...
2019-09-10 09:08:34 Success
2019-09-10 09:08:34 Management Tips: 
无线网无感知认证使用说明http://metc.scau.edu.cn/2016/0428/c145a10243/page.htm
您当前使用的服务为有线1x上网;
有效期至：2019-11-09(未含用户自行暂停时间段)
2019-09-10 09:08:48 quit rjsupplicant success.
2019-09-10 09:09:08 AuthMode  Wired Authentication
2019-09-10 09:09:08 Adapter  enp2s0
2019-09-10 09:09:08 UserName  201621190517@有线1x上网
2019-09-10 09:09:08 service  有线1x上网
2019-09-10 09:09:09 Lookup the switch...
2019-09-10 09:09:09 Connecting radius server...
2019-09-10 09:09:09 Authenticating now...
2019-09-10 09:09:12 Lookup the switch...
2019-09-10 09:09:12 Connecting radius server...
2019-09-10 09:09:12 Authenticating now...
2019-09-10 09:09:12 Success
2019-09-10 09:09:12 Management Tips: 
无线网无感知认证使用说明http://metc.scau.edu.cn/2016/0428/c145a10243/page.htm
您当前使用的服务为有线1x上网;
有效期至：2019-11-09(未含用户自行暂停时间段)
2019-09-10 09:58:45 quit rjsupplicant success.
2019-09-10 10:12:48 AuthMode  Wired Authentication
2019-09-10 10:12:48 Adapter  enp2s0
2019-09-10 10:12:48 UserName  201621190517@有线1x上网
2019-09-10 10:12:48 service  有线1x上网
2019-09-10 10:12:48 Lookup the switch...
2019-09-10 10:12:48 Connecting radius server...
2019-09-10 10:12:49 Authenticating now...
2019-09-10 10:12:52 Lookup the switch...
2019-09-10 10:12:52 Connecting radius server...
2019-09-10 10:12:52 Authenticating now...
2019-09-10 10:12:52 Success
2019-09-10 10:12:52 Management Tips: 
无线网无感知认证使用说明http://metc.scau.edu.cn/2016/0428/c145a10243/page.htm
您当前使用的服务为有线1x上网;
有效期至：2019-11-09(未含用户自行暂停时间段)
